#-----------------------------------------------------------
# Vivado v2024.1 (64-bit)
# SW Build 5076996 on Wed May 22 18:37:14 MDT 2024
# IP Build 5075265 on Wed May 22 21:45:21 MDT 2024
# SharedData Build 5076995 on Wed May 22 18:29:18 MDT 2024
# Start of session at: Thu Oct 16 13:21:31 2025
# Process ID: 22448
# Current directory: C:/Users/ian_nolan1/Box/SoC/Lab3/VivadoFiles/Lab3_Nolan
# Command line: vivado.exe -gui_launcher_event rodinguilauncherevent4636 C:\Users\ian_nolan1\Box\SoC\Lab3\VivadoFiles\Lab3_Nolan\Lab3_Nolan.xpr
# Log file: C:/Users/ian_nolan1/Box/SoC/Lab3/VivadoFiles/Lab3_Nolan/vivado.log
# Journal file: C:/Users/ian_nolan1/Box/SoC/Lab3/VivadoFiles/Lab3_Nolan\vivado.jou
# Running On        :ECS-ROG-112-11
# Platform          :Windows Server 2016 or Windows 10
# Operating System  :22631
# Processor Detail  :Intel(R) Core(TM) i7-14700
# CPU Frequency     :2112 MHz
# CPU Physical cores:20
# CPU Logical cores :28
# Host memory       :34031 MB
# Swap memory       :5100 MB
# Total Virtual     :39131 MB
# Available Virtual :31202 MB
#-----------------------------------------------------------
start_gui
open_project C:/Users/ian_nolan1/Box/SoC/Lab3/VivadoFiles/Lab3_Nolan/Lab3_Nolan.xpr
WARNING: [Board 49-26] cannot add Board Part xilinx.com:vek280_es:part0:1.0 available at C:/XilinxVitis/Vivado/2024.1/data/xhub/boards/XilinxBoardStore/boards/Xilinx/vek280/es/rev_a/1.0/board.xml as part xcve2802-vsvh1760-2lp-e-s-es1 specified in board_part file is either invalid or not available
WARNING: [Board 49-26] cannot add Board Part xilinx.com:vek280_es:part0:1.1 available at C:/XilinxVitis/Vivado/2024.1/data/xhub/boards/XilinxBoardStore/boards/Xilinx/vek280/es/rev_a/1.1/board.xml as part xcve2802-vsvh1760-2lp-e-s-es1 specified in board_part file is either invalid or not available
WARNING: [Board 49-26] cannot add Board Part xilinx.com:vek280_es_revb:part0:1.0 available at C:/XilinxVitis/Vivado/2024.1/data/xhub/boards/XilinxBoardStore/boards/Xilinx/vek280/es/rev_b/1.0/board.xml as part xcve2802-vsvh1760-2mp-e-s-es1 specified in board_part file is either invalid or not available
WARNING: [Board 49-26] cannot add Board Part xilinx.com:vek280_es_revb:part0:1.1 available at C:/XilinxVitis/Vivado/2024.1/data/xhub/boards/XilinxBoardStore/boards/Xilinx/vek280/es/rev_b/1.1/board.xml as part xcve2802-vsvh1760-2mp-e-s-es1 specified in board_part file is either invalid or not available
WARNING: [Board 49-26] cannot add Board Part xilinx.com:vhk158_es:part0:1.0 available at C:/XilinxVitis/Vivado/2024.1/data/xhub/boards/XilinxBoardStore/boards/Xilinx/vhk158/es/1.0/board.xml as part xcvh1582-vsva3697-2mp-e-s-es1 specified in board_part file is either invalid or not available
WARNING: [Board 49-26] cannot add Board Part xilinx.com:vhk158_es:part0:1.1 available at C:/XilinxVitis/Vivado/2024.1/data/xhub/boards/XilinxBoardStore/boards/Xilinx/vhk158/es/1.1/board.xml as part xcvh1582-vsva3697-2mp-e-s-es1 specified in board_part file is either invalid or not available
WARNING: [Board 49-26] cannot add Board Part xilinx.com:zcu208ld:part0:2.0 available at C:/XilinxVitis/Vivado/2024.1/data/xhub/boards/XilinxBoardStore/boards/Xilinx/zcu208ld/production/2.0/board.xml as part xczu58dr-fsvg1517-2-i specified in board_part file is either invalid or not available
WARNING: [Board 49-26] cannot add Board Part xilinx.com:zcu216ld:part0:2.0 available at C:/XilinxVitis/Vivado/2024.1/data/xhub/boards/XilinxBoardStore/boards/Xilinx/zcu216ld/production/2.0/board.xml as part xczu59dr-ffvf1760-2-i specified in board_part file is either invalid or not available
WARNING: [Board 49-26] cannot add Board Part xilinx.com:zcu670ld:part0:1.0 available at C:/XilinxVitis/Vivado/2024.1/data/xhub/boards/XilinxBoardStore/boards/Xilinx/zcu670ld/1.0/board.xml as part xczu57dr-fsve1156-2-i specified in board_part file is either invalid or not available
CRITICAL WARNING: [Project 1-19] Could not find the file 'C:/Users/ian_nolan1/Box/SoC/Lab3/VivadoFiles/Lab3_Nolan/Lab3_Nolan.srcs/sources_1/imports/code_listing_sv/fpga_mcs_sv_src/hdl/mmio/uart/baud_gen.sv'.
CRITICAL WARNING: [Project 1-19] Could not find the file 'C:/Users/ian_nolan1/Box/SoC/Lab3/VivadoFiles/Lab3_Nolan/Lab3_Nolan.srcs/sources_1/imports/code_listing_sv/fpga_mcs_sv_src/hdl/mmio/mmio_basic/chu_gpi.sv'.
CRITICAL WARNING: [Project 1-19] Could not find the file 'C:/Users/ian_nolan1/Box/SoC/Lab3/VivadoFiles/Lab3_Nolan/Lab3_Nolan.srcs/sources_1/imports/code_listing_sv/fpga_mcs_sv_src/hdl/sys/bridge/chu_mcs_bridge.sv'.
CRITICAL WARNING: [Project 1-19] Could not find the file 'C:/Users/ian_nolan1/Box/SoC/Lab3/VivadoFiles/Lab3_Nolan/Lab3_Nolan.srcs/sources_1/imports/code_listing_sv/fpga_mcs_sv_src/hdl/mmio/mmio_support/fifo/fifo.sv'.
CRITICAL WARNING: [Project 1-19] Could not find the file 'C:/Users/ian_nolan1/Box/SoC/Lab3/VivadoFiles/Lab3_Nolan/Lab3_Nolan.srcs/sources_1/imports/code_listing_sv/fpga_mcs_sv_src/hdl/sys/subsys/mmio_sys_vanilla.sv'.
CRITICAL WARNING: [Project 1-19] Could not find the file 'C:/Users/ian_nolan1/Box/SoC/Lab3/VivadoFiles/Lab3_Nolan/Lab3_Nolan.srcs/sources_1/imports/code_listing_sv/fpga_mcs_sv_src/hdl/sys/top/mcs_top_vanilla.sv'.
CRITICAL WARNING: [Project 1-19] Could not find the file 'C:/Users/ian_nolan1/Box/SoC/Lab3/VivadoFiles/Lab3_Nolan/Lab3_Nolan.srcs/sources_1/imports/code_listing_sv/build/elf/vanilla_test.elf'.
CRITICAL WARNING: [Project 1-19] Could not find the file 'C:/Users/ian_nolan1/Box/SoC/Lab3/VivadoFiles/Lab3_Nolan/Lab3_Nolan.srcs/sources_1/imports/nexys4_sv_vanilla/archive_project_summary.txt'.
CRITICAL WARNING: [Project 1-19] Could not find the file 'C:/Users/ian_nolan1/Box/SoC/Lab3/VivadoFiles/Lab3_Nolan/Lab3_Nolan.srcs/constrs_1/imports/constraint/Nexys4_DDR_chu.xdc'.
Scanning sources...
Finished scanning sources
WARNING: [Project 1-509] GeneratedRun file for 'synth_1' not found
WARNING: [Project 1-509] GeneratedRun file for 'impl_1' not found
INFO: [IP_Flow 19-234] Refreshing IP repositories
INFO: [IP_Flow 19-1704] No user IP repositories specified
INFO: [IP_Flow 19-2313] Loaded Vivado IP repository 'C:/XilinxVitis/Vivado/2024.1/data/ip'.
WARNING: [IP_Flow 19-3664] IP 'bd_3914_microblaze_I_0' generated file not found 'c:/Users/ian_nolan1/Box/SoC/Lab3/VivadoFiles/Lab3_Nolan/Lab3_Nolan.srcs/sources_1/ip/cpu/bd_0/ip/ip_0/hdl/microblaze_v10_0_vh_rfs.vhd'. Please regenerate to continue.
WARNING: [IP_Flow 19-3664] IP 'bd_3914_microblaze_I_0' generated file not found 'c:/Users/ian_nolan1/Box/SoC/Lab3/VivadoFiles/Lab3_Nolan/Lab3_Nolan.srcs/sources_1/ip/cpu/bd_0/ip/ip_0/synth/bd_3914_microblaze_I_0.vhd'. Please regenerate to continue.
WARNING: [IP_Flow 19-3664] IP 'bd_3914_microblaze_I_0' generated file not found 'c:/Users/ian_nolan1/Box/SoC/Lab3/VivadoFiles/Lab3_Nolan/Lab3_Nolan.srcs/sources_1/ip/cpu/bd_0/ip/ip_0/hdl/microblaze_v10_0_vh_rfs.vhd'. Please regenerate to continue.
WARNING: [IP_Flow 19-3664] IP 'bd_3914_microblaze_I_0' generated file not found 'c:/Users/ian_nolan1/Box/SoC/Lab3/VivadoFiles/Lab3_Nolan/Lab3_Nolan.srcs/sources_1/ip/cpu/bd_0/ip/ip_0/sim/bd_3914_microblaze_I_0.vhd'. Please regenerate to continue.
WARNING: [IP_Flow 19-2162] IP 'cpu' is locked:
* IP definition 'MicroBlaze MCS (3.0)' for IP 'cpu' (customized with software release 2017.2) has a different revision in the IP Catalog. * Current project part 'xc7a100tcsg324-1' and the part 'xc7a35tcpg236-1' used to customize the IP 'cpu' do not match. * IP 'cpu' contains one or more locked subcores.
open_project: Time (s): cpu = 00:00:08 ; elapsed = 00:01:17 . Memory (MB): peak = 1714.445 ; gain = 481.949
update_compile_order -fileset sources_1
WARNING: [filemgmt 56-199] Attempt to get parsing info during refresh. "On-the-fly" syntax checking information may be incorrect. [C:\Users\ian_nolan1\Box\SoC\Lab3\VivadoFiles\createdSources\nolan_led_lab3.sv:]
WARNING: [filemgmt 56-199] Attempt to get parsing info during refresh. "On-the-fly" syntax checking information may be incorrect. [C:\Users\ian_nolan1\Box\SoC\Lab3\VivadoFiles\Lab3_Nolan\Lab3_Nolan.srcs\sources_1\imports\code_listing_sv\fpga_mcs_sv_src\hdl\sys\bridge\chu_io_map.svh:]
WARNING: [filemgmt 56-199] Attempt to get parsing info during refresh. "On-the-fly" syntax checking information may be incorrect. [C:\Users\ian_nolan1\Box\SoC\Lab3\VivadoFiles\Lab3_Nolan\Lab3_Nolan.srcs\sources_1\imports\code_listing_sv\fpga_mcs_sv_src\hdl\sys\top\mcs_top_vanilla.sv:]
WARNING: [filemgmt 56-199] Attempt to get parsing info during refresh. "On-the-fly" syntax checking information may be incorrect. [C:\Users\ian_nolan1\Box\SoC\Lab3\VivadoFiles\Lab3_Nolan\Lab3_Nolan.srcs\sources_1\imports\code_listing_sv\fpga_mcs_sv_src\hdl\sys\subsys\mmio_sys_vanilla.sv:]
WARNING: [filemgmt 56-199] Attempt to get parsing info during refresh. "On-the-fly" syntax checking information may be incorrect. [C:\Users\ian_nolan1\Box\SoC\Lab3\VivadoFiles\createdSources\nolan_led_lab3.sv:]
WARNING: [filemgmt 56-199] Attempt to get parsing info during refresh. "On-the-fly" syntax checking information may be incorrect. [C:\Users\ian_nolan1\Box\SoC\Lab3\VivadoFiles\createdSources\nolan_led_lab3.sv:]
WARNING: [filemgmt 56-199] Attempt to get parsing info during refresh. "On-the-fly" syntax checking information may be incorrect. [C:\Users\ian_nolan1\Box\SoC\Lab3\VivadoFiles\createdSources\nolan_led_lab3.sv:]
WARNING: [filemgmt 56-199] Attempt to get parsing info during refresh. "On-the-fly" syntax checking information may be incorrect. [C:\Users\ian_nolan1\Box\SoC\Lab3\VivadoFiles\Lab3_Nolan\Lab3_Nolan.srcs\sources_1\imports\code_listing_sv\fpga_mcs_sv_src\hdl\sys\bridge\chu_io_map.svh:]
WARNING: [filemgmt 56-199] Attempt to get parsing info during refresh. "On-the-fly" syntax checking information may be incorrect. [C:\Users\ian_nolan1\Box\SoC\Lab3\VivadoFiles\Lab3_Nolan\Lab3_Nolan.srcs\sources_1\imports\code_listing_sv\fpga_mcs_sv_src\hdl\sys\top\mcs_top_vanilla.sv:]
WARNING: [filemgmt 56-199] Attempt to get parsing info during refresh. "On-the-fly" syntax checking information may be incorrect. [C:\Users\ian_nolan1\Box\SoC\Lab3\VivadoFiles\Lab3_Nolan\Lab3_Nolan.srcs\sources_1\imports\code_listing_sv\fpga_mcs_sv_src\hdl\sys\subsys\mmio_sys_vanilla.sv:]
WARNING: [filemgmt 56-199] Attempt to get parsing info during refresh. "On-the-fly" syntax checking information may be incorrect. [C:\Users\ian_nolan1\Box\SoC\Lab3\VivadoFiles\Lab3_Nolan\Lab3_Nolan.srcs\sources_1\imports\code_listing_sv\fpga_mcs_sv_src\hdl\sys\subsys\mmio_sys_vanilla.sv:]
WARNING: [filemgmt 56-199] Attempt to get parsing info during refresh. "On-the-fly" syntax checking information may be incorrect. [C:\Users\ian_nolan1\Box\SoC\Lab3\VivadoFiles\Lab3_Nolan\Lab3_Nolan.srcs\sources_1\imports\code_listing_sv\fpga_mcs_sv_src\hdl\sys\subsys\mmio_sys_vanilla.sv:]
WARNING: [filemgmt 56-199] Attempt to get parsing info during refresh. "On-the-fly" syntax checking information may be incorrect. [C:\Users\ian_nolan1\Box\SoC\Lab3\VivadoFiles\createdSources\nolan_led_lab3.sv:]
WARNING: [filemgmt 56-199] Attempt to get parsing info during refresh. "On-the-fly" syntax checking information may be incorrect. [C:\Users\ian_nolan1\Box\SoC\Lab3\VivadoFiles\Lab3_Nolan\Lab3_Nolan.srcs\sources_1\imports\code_listing_sv\fpga_mcs_sv_src\hdl\sys\bridge\chu_io_map.svh:]
WARNING: [filemgmt 56-199] Attempt to get parsing info during refresh. "On-the-fly" syntax checking information may be incorrect. [C:\Users\ian_nolan1\Box\SoC\Lab3\VivadoFiles\Lab3_Nolan\Lab3_Nolan.srcs\sources_1\imports\code_listing_sv\fpga_mcs_sv_src\hdl\sys\top\mcs_top_vanilla.sv:]
WARNING: [filemgmt 56-199] Attempt to get parsing info during refresh. "On-the-fly" syntax checking information may be incorrect. [C:\Users\ian_nolan1\Box\SoC\Lab3\VivadoFiles\Lab3_Nolan\Lab3_Nolan.srcs\sources_1\imports\code_listing_sv\fpga_mcs_sv_src\hdl\sys\subsys\mmio_sys_vanilla.sv:]
WARNING: [filemgmt 56-199] Attempt to get parsing info during refresh. "On-the-fly" syntax checking information may be incorrect. [C:\Users\ian_nolan1\Box\SoC\Lab3\VivadoFiles\Lab3_Nolan\Lab3_Nolan.srcs\sources_1\imports\code_listing_sv\fpga_mcs_sv_src\hdl\sys\bridge\chu_io_map.svh:]
WARNING: [filemgmt 56-199] Attempt to get parsing info during refresh. "On-the-fly" syntax checking information may be incorrect. [C:\Users\ian_nolan1\Box\SoC\Lab3\VivadoFiles\Lab3_Nolan\Lab3_Nolan.srcs\sources_1\imports\code_listing_sv\fpga_mcs_sv_src\hdl\sys\bridge\chu_io_map.svh:]
launch_runs impl_1 -to_step write_bitstream -jobs 14
INFO: [IP_Flow 19-6924] IPCACHE: Running cache check for IP inst: cpu
WARNING: [Vivado 12-4801] The synthesis checkpoint for IP 'C:/Users/ian_nolan1/Box/SoC/Lab3/VivadoFiles/Lab3_Nolan/Lab3_Nolan.srcs/sources_1/ip/cpu/cpu.xci' is available but stale and the IP is locked. An out-of-context (OOC) run will be created and/or launched, but synthesis may not be able to complete or could result in incorrect behavior.
Please select 'Report IP Status' from the 'Tools/Report' menu or run Tcl command 'report_ip_status' for more information.
WARNING: [Runs 36-337] The following IPs are either missing output products or output products are not up-to-date for Synthesis target. Since these IPs are locked, no update to the output products can be done. 
Please select 'Report IP Status' from the 'Tools/Report' menu or run Tcl command 'report_ip_status' for more information.
C:/Users/ian_nolan1/Box/SoC/Lab3/VivadoFiles/Lab3_Nolan/Lab3_Nolan.srcs/sources_1/ip/cpu/cpu.xci

WARNING: [Runs 36-337] The following IPs are either missing output products or output products are not up-to-date for Implementation target. Since these IPs are locked, no update to the output products can be done. 
Please select 'Report IP Status' from the 'Tools/Report' menu or run Tcl command 'report_ip_status' for more information.
C:/Users/ian_nolan1/Box/SoC/Lab3/VivadoFiles/Lab3_Nolan/Lab3_Nolan.srcs/sources_1/ip/cpu/cpu.xci

[Thu Oct 16 13:25:50 2025] Launched synth_1...
Run output will be captured here: C:/Users/ian_nolan1/Box/SoC/Lab3/VivadoFiles/Lab3_Nolan/BitsreamPath/synth_1/runme.log
[Thu Oct 16 13:25:50 2025] Launched impl_1...
Run output will be captured here: C:/Users/ian_nolan1/Box/SoC/Lab3/VivadoFiles/Lab3_Nolan/BitsreamPath/impl_1/runme.log
launch_runs: Time (s): cpu = 00:00:00 ; elapsed = 00:00:06 . Memory (MB): peak = 1779.023 ; gain = 5.191
WARNING: [filemgmt 56-199] Attempt to get parsing info during refresh. "On-the-fly" syntax checking information may be incorrect. [C:\Users\ian_nolan1\Box\SoC\Lab3\VivadoFiles\createdSources\nolan_led_lab3.sv:]
WARNING: [filemgmt 56-199] Attempt to get parsing info during refresh. "On-the-fly" syntax checking information may be incorrect. [C:\Users\ian_nolan1\Box\SoC\Lab3\VivadoFiles\Lab3_Nolan\Lab3_Nolan.srcs\sources_1\imports\code_listing_sv\fpga_mcs_sv_src\hdl\sys\bridge\chu_io_map.svh:]
WARNING: [filemgmt 56-199] Attempt to get parsing info during refresh. "On-the-fly" syntax checking information may be incorrect. [C:\Users\ian_nolan1\Box\SoC\Lab3\VivadoFiles\Lab3_Nolan\Lab3_Nolan.srcs\sources_1\imports\code_listing_sv\fpga_mcs_sv_src\hdl\sys\top\mcs_top_vanilla.sv:]
WARNING: [filemgmt 56-199] Attempt to get parsing info during refresh. "On-the-fly" syntax checking information may be incorrect. [C:\Users\ian_nolan1\Box\SoC\Lab3\VivadoFiles\Lab3_Nolan\Lab3_Nolan.srcs\sources_1\imports\code_listing_sv\fpga_mcs_sv_src\hdl\sys\subsys\mmio_sys_vanilla.sv:]
WARNING: [filemgmt 56-199] Attempt to get parsing info during refresh. "On-the-fly" syntax checking information may be incorrect. [C:\Users\ian_nolan1\Box\SoC\Lab3\VivadoFiles\createdSources\nolan_led_lab3.sv:]
WARNING: [filemgmt 56-199] Attempt to get parsing info during refresh. "On-the-fly" syntax checking information may be incorrect. [C:\Users\ian_nolan1\Box\SoC\Lab3\VivadoFiles\createdSources\nolan_led_lab3.sv:]
WARNING: [filemgmt 56-199] Attempt to get parsing info during refresh. "On-the-fly" syntax checking information may be incorrect. [C:\Users\ian_nolan1\Box\SoC\Lab3\VivadoFiles\createdSources\nolan_led_lab3.sv:]
WARNING: [filemgmt 56-199] Attempt to get parsing info during refresh. "On-the-fly" syntax checking information may be incorrect. [C:\Users\ian_nolan1\Box\SoC\Lab3\VivadoFiles\Lab3_Nolan\Lab3_Nolan.srcs\sources_1\imports\code_listing_sv\fpga_mcs_sv_src\hdl\sys\bridge\chu_io_map.svh:]
WARNING: [filemgmt 56-199] Attempt to get parsing info during refresh. "On-the-fly" syntax checking information may be incorrect. [C:\Users\ian_nolan1\Box\SoC\Lab3\VivadoFiles\Lab3_Nolan\Lab3_Nolan.srcs\sources_1\imports\code_listing_sv\fpga_mcs_sv_src\hdl\sys\top\mcs_top_vanilla.sv:]
WARNING: [filemgmt 56-199] Attempt to get parsing info during refresh. "On-the-fly" syntax checking information may be incorrect. [C:\Users\ian_nolan1\Box\SoC\Lab3\VivadoFiles\Lab3_Nolan\Lab3_Nolan.srcs\sources_1\imports\code_listing_sv\fpga_mcs_sv_src\hdl\sys\subsys\mmio_sys_vanilla.sv:]
WARNING: [filemgmt 56-199] Attempt to get parsing info during refresh. "On-the-fly" syntax checking information may be incorrect. [C:\Users\ian_nolan1\Box\SoC\Lab3\VivadoFiles\Lab3_Nolan\Lab3_Nolan.srcs\sources_1\imports\code_listing_sv\fpga_mcs_sv_src\hdl\sys\bridge\chu_io_map.svh:]
WARNING: [filemgmt 56-199] Attempt to get parsing info during refresh. "On-the-fly" syntax checking information may be incorrect. [C:\Users\ian_nolan1\Box\SoC\Lab3\VivadoFiles\Lab3_Nolan\Lab3_Nolan.srcs\sources_1\imports\code_listing_sv\fpga_mcs_sv_src\hdl\sys\bridge\chu_io_map.svh:]
WARNING: [filemgmt 56-199] Attempt to get parsing info during refresh. "On-the-fly" syntax checking information may be incorrect. [C:\Users\ian_nolan1\Box\SoC\Lab3\VivadoFiles\createdSources\nolan_led_lab3.sv:]
WARNING: [filemgmt 56-199] Attempt to get parsing info during refresh. "On-the-fly" syntax checking information may be incorrect. [C:\Users\ian_nolan1\Box\SoC\Lab3\VivadoFiles\Lab3_Nolan\Lab3_Nolan.srcs\sources_1\imports\code_listing_sv\fpga_mcs_sv_src\hdl\sys\bridge\chu_io_map.svh:]
WARNING: [filemgmt 56-199] Attempt to get parsing info during refresh. "On-the-fly" syntax checking information may be incorrect. [C:\Users\ian_nolan1\Box\SoC\Lab3\VivadoFiles\Lab3_Nolan\Lab3_Nolan.srcs\sources_1\imports\code_listing_sv\fpga_mcs_sv_src\hdl\sys\top\mcs_top_vanilla.sv:]
WARNING: [filemgmt 56-199] Attempt to get parsing info during refresh. "On-the-fly" syntax checking information may be incorrect. [C:\Users\ian_nolan1\Box\SoC\Lab3\VivadoFiles\Lab3_Nolan\Lab3_Nolan.srcs\sources_1\imports\code_listing_sv\fpga_mcs_sv_src\hdl\sys\subsys\mmio_sys_vanilla.sv:]
WARNING: [filemgmt 56-199] Attempt to get parsing info during refresh. "On-the-fly" syntax checking information may be incorrect. [C:\Users\ian_nolan1\Box\SoC\Lab3\VivadoFiles\Lab3_Nolan\Lab3_Nolan.srcs\sources_1\imports\code_listing_sv\fpga_mcs_sv_src\hdl\sys\subsys\mmio_sys_vanilla.sv:]
WARNING: [filemgmt 56-199] Attempt to get parsing info during refresh. "On-the-fly" syntax checking information may be incorrect. [C:\Users\ian_nolan1\Box\SoC\Lab3\VivadoFiles\Lab3_Nolan\Lab3_Nolan.srcs\sources_1\imports\code_listing_sv\fpga_mcs_sv_src\hdl\sys\subsys\mmio_sys_vanilla.sv:]
ERROR: [Common 17-180] Spawn failed: No error
reset_run synth_1
launch_runs impl_1 -to_step write_bitstream -jobs 14
INFO: [IP_Flow 19-6924] IPCACHE: Running cache check for IP inst: cpu
WARNING: [Vivado 12-4801] The synthesis checkpoint for IP 'C:/Users/ian_nolan1/Box/SoC/Lab3/VivadoFiles/Lab3_Nolan/Lab3_Nolan.srcs/sources_1/ip/cpu/cpu.xci' is available but stale and the IP is locked. An out-of-context (OOC) run will be created and/or launched, but synthesis may not be able to complete or could result in incorrect behavior.
Please select 'Report IP Status' from the 'Tools/Report' menu or run Tcl command 'report_ip_status' for more information.
WARNING: [Runs 36-337] The following IPs are either missing output products or output products are not up-to-date for Synthesis target. Since these IPs are locked, no update to the output products can be done. 
Please select 'Report IP Status' from the 'Tools/Report' menu or run Tcl command 'report_ip_status' for more information.
C:/Users/ian_nolan1/Box/SoC/Lab3/VivadoFiles/Lab3_Nolan/Lab3_Nolan.srcs/sources_1/ip/cpu/cpu.xci

WARNING: [Runs 36-337] The following IPs are either missing output products or output products are not up-to-date for Implementation target. Since these IPs are locked, no update to the output products can be done. 
Please select 'Report IP Status' from the 'Tools/Report' menu or run Tcl command 'report_ip_status' for more information.
C:/Users/ian_nolan1/Box/SoC/Lab3/VivadoFiles/Lab3_Nolan/Lab3_Nolan.srcs/sources_1/ip/cpu/cpu.xci

[Thu Oct 16 13:28:20 2025] Launched synth_1...
Run output will be captured here: C:/Users/ian_nolan1/Box/SoC/Lab3/VivadoFiles/Lab3_Nolan/BitsreamPath/synth_1/runme.log
[Thu Oct 16 13:28:20 2025] Launched impl_1...
Run output will be captured here: C:/Users/ian_nolan1/Box/SoC/Lab3/VivadoFiles/Lab3_Nolan/BitsreamPath/impl_1/runme.log
WARNING: [filemgmt 56-199] Attempt to get parsing info during refresh. "On-the-fly" syntax checking information may be incorrect. [C:\Users\ian_nolan1\Box\SoC\Lab3\VivadoFiles\createdSources\nolan_led_lab3.sv:]
WARNING: [filemgmt 56-199] Attempt to get parsing info during refresh. "On-the-fly" syntax checking information may be incorrect. [C:\Users\ian_nolan1\Box\SoC\Lab3\VivadoFiles\Lab3_Nolan\Lab3_Nolan.srcs\sources_1\imports\code_listing_sv\fpga_mcs_sv_src\hdl\sys\bridge\chu_io_map.svh:]
WARNING: [filemgmt 56-199] Attempt to get parsing info during refresh. "On-the-fly" syntax checking information may be incorrect. [C:\Users\ian_nolan1\Box\SoC\Lab3\VivadoFiles\Lab3_Nolan\Lab3_Nolan.srcs\sources_1\imports\code_listing_sv\fpga_mcs_sv_src\hdl\sys\top\mcs_top_vanilla.sv:]
WARNING: [filemgmt 56-199] Attempt to get parsing info during refresh. "On-the-fly" syntax checking information may be incorrect. [C:\Users\ian_nolan1\Box\SoC\Lab3\VivadoFiles\Lab3_Nolan\Lab3_Nolan.srcs\sources_1\imports\code_listing_sv\fpga_mcs_sv_src\hdl\sys\subsys\mmio_sys_vanilla.sv:]
WARNING: [filemgmt 56-199] Attempt to get parsing info during refresh. "On-the-fly" syntax checking information may be incorrect. [C:\Users\ian_nolan1\Box\SoC\Lab3\VivadoFiles\Lab3_Nolan\Lab3_Nolan.srcs\sources_1\imports\code_listing_sv\fpga_mcs_sv_src\hdl\mmio\mmio_basic\chu_gpo.sv:]
WARNING: [filemgmt 56-199] Attempt to get parsing info during refresh. "On-the-fly" syntax checking information may be incorrect. [C:\Users\ian_nolan1\Box\SoC\Lab3\VivadoFiles\createdSources\nolan_led_lab3.sv:]
WARNING: [filemgmt 56-199] Attempt to get parsing info during refresh. "On-the-fly" syntax checking information may be incorrect. [C:\Users\ian_nolan1\Box\SoC\Lab3\VivadoFiles\createdSources\nolan_led_lab3.sv:]
WARNING: [filemgmt 56-199] Attempt to get parsing info during refresh. "On-the-fly" syntax checking information may be incorrect. [C:\Users\ian_nolan1\Box\SoC\Lab3\VivadoFiles\createdSources\nolan_led_lab3.sv:]
WARNING: [filemgmt 56-199] Attempt to get parsing info during refresh. "On-the-fly" syntax checking information may be incorrect. [C:\Users\ian_nolan1\Box\SoC\Lab3\VivadoFiles\Lab3_Nolan\Lab3_Nolan.srcs\sources_1\imports\code_listing_sv\fpga_mcs_sv_src\hdl\sys\bridge\chu_io_map.svh:]
WARNING: [filemgmt 56-199] Attempt to get parsing info during refresh. "On-the-fly" syntax checking information may be incorrect. [C:\Users\ian_nolan1\Box\SoC\Lab3\VivadoFiles\Lab3_Nolan\Lab3_Nolan.srcs\sources_1\imports\code_listing_sv\fpga_mcs_sv_src\hdl\sys\top\mcs_top_vanilla.sv:]
WARNING: [filemgmt 56-199] Attempt to get parsing info during refresh. "On-the-fly" syntax checking information may be incorrect. [C:\Users\ian_nolan1\Box\SoC\Lab3\VivadoFiles\Lab3_Nolan\Lab3_Nolan.srcs\sources_1\imports\code_listing_sv\fpga_mcs_sv_src\hdl\sys\subsys\mmio_sys_vanilla.sv:]
WARNING: [filemgmt 56-199] Attempt to get parsing info during refresh. "On-the-fly" syntax checking information may be incorrect. [C:\Users\ian_nolan1\Box\SoC\Lab3\VivadoFiles\Lab3_Nolan\Lab3_Nolan.srcs\sources_1\imports\code_listing_sv\fpga_mcs_sv_src\hdl\mmio\mmio_basic\chu_gpo.sv:]
WARNING: [filemgmt 56-199] Attempt to get parsing info during refresh. "On-the-fly" syntax checking information may be incorrect. [C:\Users\ian_nolan1\Box\SoC\Lab3\VivadoFiles\Lab3_Nolan\Lab3_Nolan.srcs\sources_1\imports\code_listing_sv\fpga_mcs_sv_src\hdl\sys\subsys\mmio_sys_vanilla.sv:]
WARNING: [filemgmt 56-199] Attempt to get parsing info during refresh. "On-the-fly" syntax checking information may be incorrect. [C:\Users\ian_nolan1\Box\SoC\Lab3\VivadoFiles\Lab3_Nolan\Lab3_Nolan.srcs\sources_1\imports\code_listing_sv\fpga_mcs_sv_src\hdl\sys\subsys\mmio_sys_vanilla.sv:]
WARNING: [filemgmt 56-199] Attempt to get parsing info during refresh. "On-the-fly" syntax checking information may be incorrect. [C:\Users\ian_nolan1\Box\SoC\Lab3\VivadoFiles\createdSources\nolan_led_lab3.sv:]
WARNING: [filemgmt 56-199] Attempt to get parsing info during refresh. "On-the-fly" syntax checking information may be incorrect. [C:\Users\ian_nolan1\Box\SoC\Lab3\VivadoFiles\Lab3_Nolan\Lab3_Nolan.srcs\sources_1\imports\code_listing_sv\fpga_mcs_sv_src\hdl\sys\bridge\chu_io_map.svh:]
WARNING: [filemgmt 56-199] Attempt to get parsing info during refresh. "On-the-fly" syntax checking information may be incorrect. [C:\Users\ian_nolan1\Box\SoC\Lab3\VivadoFiles\Lab3_Nolan\Lab3_Nolan.srcs\sources_1\imports\code_listing_sv\fpga_mcs_sv_src\hdl\sys\top\mcs_top_vanilla.sv:]
WARNING: [filemgmt 56-199] Attempt to get parsing info during refresh. "On-the-fly" syntax checking information may be incorrect. [C:\Users\ian_nolan1\Box\SoC\Lab3\VivadoFiles\Lab3_Nolan\Lab3_Nolan.srcs\sources_1\imports\code_listing_sv\fpga_mcs_sv_src\hdl\sys\subsys\mmio_sys_vanilla.sv:]
WARNING: [filemgmt 56-199] Attempt to get parsing info during refresh. "On-the-fly" syntax checking information may be incorrect. [C:\Users\ian_nolan1\Box\SoC\Lab3\VivadoFiles\Lab3_Nolan\Lab3_Nolan.srcs\sources_1\imports\code_listing_sv\fpga_mcs_sv_src\hdl\mmio\mmio_basic\chu_gpo.sv:]
WARNING: [filemgmt 56-199] Attempt to get parsing info during refresh. "On-the-fly" syntax checking information may be incorrect. [C:\Users\ian_nolan1\Box\SoC\Lab3\VivadoFiles\Lab3_Nolan\Lab3_Nolan.srcs\sources_1\imports\code_listing_sv\fpga_mcs_sv_src\hdl\sys\bridge\chu_io_map.svh:]
WARNING: [filemgmt 56-199] Attempt to get parsing info during refresh. "On-the-fly" syntax checking information may be incorrect. [C:\Users\ian_nolan1\Box\SoC\Lab3\VivadoFiles\Lab3_Nolan\Lab3_Nolan.srcs\sources_1\imports\code_listing_sv\fpga_mcs_sv_src\hdl\sys\bridge\chu_io_map.svh:]
WARNING: [filemgmt 56-199] Attempt to get parsing info during refresh. "On-the-fly" syntax checking information may be incorrect. [C:\Users\ian_nolan1\Box\SoC\Lab3\VivadoFiles\createdSources\nolan_led_lab3.sv:]
WARNING: [filemgmt 56-199] Attempt to get parsing info during refresh. "On-the-fly" syntax checking information may be incorrect. [C:\Users\ian_nolan1\Box\SoC\Lab3\VivadoFiles\Lab3_Nolan\Lab3_Nolan.srcs\sources_1\imports\code_listing_sv\fpga_mcs_sv_src\hdl\sys\bridge\chu_io_map.svh:]
WARNING: [filemgmt 56-199] Attempt to get parsing info during refresh. "On-the-fly" syntax checking information may be incorrect. [C:\Users\ian_nolan1\Box\SoC\Lab3\VivadoFiles\Lab3_Nolan\Lab3_Nolan.srcs\sources_1\imports\code_listing_sv\fpga_mcs_sv_src\hdl\sys\top\mcs_top_vanilla.sv:]
WARNING: [filemgmt 56-199] Attempt to get parsing info during refresh. "On-the-fly" syntax checking information may be incorrect. [C:\Users\ian_nolan1\Box\SoC\Lab3\VivadoFiles\Lab3_Nolan\Lab3_Nolan.srcs\sources_1\imports\code_listing_sv\fpga_mcs_sv_src\hdl\sys\subsys\mmio_sys_vanilla.sv:]
WARNING: [filemgmt 56-199] Attempt to get parsing info during refresh. "On-the-fly" syntax checking information may be incorrect. [C:\Users\ian_nolan1\Box\SoC\Lab3\VivadoFiles\Lab3_Nolan\Lab3_Nolan.srcs\sources_1\imports\code_listing_sv\fpga_mcs_sv_src\hdl\mmio\mmio_basic\chu_gpo.sv:]
WARNING: [filemgmt 56-199] Attempt to get parsing info during refresh. "On-the-fly" syntax checking information may be incorrect. [C:\Users\ian_nolan1\Box\SoC\Lab3\VivadoFiles\Lab3_Nolan\Lab3_Nolan.srcs\sources_1\imports\code_listing_sv\fpga_mcs_sv_src\hdl\mmio\mmio_basic\chu_gpo.sv:]
WARNING: [filemgmt 56-199] Attempt to get parsing info during refresh. "On-the-fly" syntax checking information may be incorrect. [C:\Users\ian_nolan1\Box\SoC\Lab3\VivadoFiles\Lab3_Nolan\Lab3_Nolan.srcs\sources_1\imports\code_listing_sv\fpga_mcs_sv_src\hdl\mmio\mmio_basic\chu_gpo.sv:]
WARNING: [filemgmt 56-199] Attempt to get parsing info during refresh. "On-the-fly" syntax checking information may be incorrect. [C:\Users\ian_nolan1\Box\SoC\Lab3\VivadoFiles\createdSources\nolan_led_lab3.sv:]
WARNING: [filemgmt 56-199] Attempt to get parsing info during refresh. "On-the-fly" syntax checking information may be incorrect. [C:\Users\ian_nolan1\Box\SoC\Lab3\VivadoFiles\Lab3_Nolan\Lab3_Nolan.srcs\sources_1\imports\code_listing_sv\fpga_mcs_sv_src\hdl\sys\bridge\chu_io_map.svh:]
WARNING: [filemgmt 56-199] Attempt to get parsing info during refresh. "On-the-fly" syntax checking information may be incorrect. [C:\Users\ian_nolan1\Box\SoC\Lab3\VivadoFiles\Lab3_Nolan\Lab3_Nolan.srcs\sources_1\imports\code_listing_sv\fpga_mcs_sv_src\hdl\sys\top\mcs_top_vanilla.sv:]
WARNING: [filemgmt 56-199] Attempt to get parsing info during refresh. "On-the-fly" syntax checking information may be incorrect. [C:\Users\ian_nolan1\Box\SoC\Lab3\VivadoFiles\Lab3_Nolan\Lab3_Nolan.srcs\sources_1\imports\code_listing_sv\fpga_mcs_sv_src\hdl\sys\subsys\mmio_sys_vanilla.sv:]
WARNING: [filemgmt 56-199] Attempt to get parsing info during refresh. "On-the-fly" syntax checking information may be incorrect. [C:\Users\ian_nolan1\Box\SoC\Lab3\VivadoFiles\Lab3_Nolan\Lab3_Nolan.srcs\sources_1\imports\code_listing_sv\fpga_mcs_sv_src\hdl\mmio\mmio_basic\chu_gpo.sv:]
WARNING: [filemgmt 56-199] Attempt to get parsing info during refresh. "On-the-fly" syntax checking information may be incorrect. [C:\Users\ian_nolan1\Box\SoC\Lab3\VivadoFiles\createdSources\nolan_led_lab3.sv:]
WARNING: [filemgmt 56-199] Attempt to get parsing info during refresh. "On-the-fly" syntax checking information may be incorrect. [C:\Users\ian_nolan1\Box\SoC\Lab3\VivadoFiles\createdSources\nolan_led_lab3.sv:]
WARNING: [filemgmt 56-199] Attempt to get parsing info during refresh. "On-the-fly" syntax checking information may be incorrect. [C:\Users\ian_nolan1\Box\SoC\Lab3\VivadoFiles\createdSources\nolan_led_lab3.sv:]
WARNING: [filemgmt 56-199] Attempt to get parsing info during refresh. "On-the-fly" syntax checking information may be incorrect. [C:\Users\ian_nolan1\Box\SoC\Lab3\VivadoFiles\Lab3_Nolan\Lab3_Nolan.srcs\sources_1\imports\code_listing_sv\fpga_mcs_sv_src\hdl\sys\bridge\chu_io_map.svh:]
WARNING: [filemgmt 56-199] Attempt to get parsing info during refresh. "On-the-fly" syntax checking information may be incorrect. [C:\Users\ian_nolan1\Box\SoC\Lab3\VivadoFiles\Lab3_Nolan\Lab3_Nolan.srcs\sources_1\imports\code_listing_sv\fpga_mcs_sv_src\hdl\sys\top\mcs_top_vanilla.sv:]
WARNING: [filemgmt 56-199] Attempt to get parsing info during refresh. "On-the-fly" syntax checking information may be incorrect. [C:\Users\ian_nolan1\Box\SoC\Lab3\VivadoFiles\Lab3_Nolan\Lab3_Nolan.srcs\sources_1\imports\code_listing_sv\fpga_mcs_sv_src\hdl\sys\subsys\mmio_sys_vanilla.sv:]
WARNING: [filemgmt 56-199] Attempt to get parsing info during refresh. "On-the-fly" syntax checking information may be incorrect. [C:\Users\ian_nolan1\Box\SoC\Lab3\VivadoFiles\Lab3_Nolan\Lab3_Nolan.srcs\sources_1\imports\code_listing_sv\fpga_mcs_sv_src\hdl\mmio\mmio_basic\chu_gpo.sv:]
WARNING: [filemgmt 56-199] Attempt to get parsing info during refresh. "On-the-fly" syntax checking information may be incorrect. [C:\Users\ian_nolan1\Box\SoC\Lab3\VivadoFiles\Lab3_Nolan\Lab3_Nolan.srcs\sources_1\imports\code_listing_sv\fpga_mcs_sv_src\hdl\sys\bridge\chu_io_map.svh:]
WARNING: [filemgmt 56-199] Attempt to get parsing info during refresh. "On-the-fly" syntax checking information may be incorrect. [C:\Users\ian_nolan1\Box\SoC\Lab3\VivadoFiles\Lab3_Nolan\Lab3_Nolan.srcs\sources_1\imports\code_listing_sv\fpga_mcs_sv_src\hdl\sys\bridge\chu_io_map.svh:]
WARNING: [filemgmt 56-199] Attempt to get parsing info during refresh. "On-the-fly" syntax checking information may be incorrect. [C:\Users\ian_nolan1\Box\SoC\Lab3\VivadoFiles\createdSources\nolan_led_lab3.sv:]
WARNING: [filemgmt 56-199] Attempt to get parsing info during refresh. "On-the-fly" syntax checking information may be incorrect. [C:\Users\ian_nolan1\Box\SoC\Lab3\VivadoFiles\Lab3_Nolan\Lab3_Nolan.srcs\sources_1\imports\code_listing_sv\fpga_mcs_sv_src\hdl\sys\bridge\chu_io_map.svh:]
WARNING: [filemgmt 56-199] Attempt to get parsing info during refresh. "On-the-fly" syntax checking information may be incorrect. [C:\Users\ian_nolan1\Box\SoC\Lab3\VivadoFiles\Lab3_Nolan\Lab3_Nolan.srcs\sources_1\imports\code_listing_sv\fpga_mcs_sv_src\hdl\sys\top\mcs_top_vanilla.sv:]
WARNING: [filemgmt 56-199] Attempt to get parsing info during refresh. "On-the-fly" syntax checking information may be incorrect. [C:\Users\ian_nolan1\Box\SoC\Lab3\VivadoFiles\Lab3_Nolan\Lab3_Nolan.srcs\sources_1\imports\code_listing_sv\fpga_mcs_sv_src\hdl\sys\subsys\mmio_sys_vanilla.sv:]
WARNING: [filemgmt 56-199] Attempt to get parsing info during refresh. "On-the-fly" syntax checking information may be incorrect. [C:\Users\ian_nolan1\Box\SoC\Lab3\VivadoFiles\Lab3_Nolan\Lab3_Nolan.srcs\sources_1\imports\code_listing_sv\fpga_mcs_sv_src\hdl\mmio\mmio_basic\chu_gpo.sv:]
WARNING: [filemgmt 56-199] Attempt to get parsing info during refresh. "On-the-fly" syntax checking information may be incorrect. [C:\Users\ian_nolan1\Box\SoC\Lab3\VivadoFiles\Lab3_Nolan\Lab3_Nolan.srcs\sources_1\imports\code_listing_sv\fpga_mcs_sv_src\hdl\sys\subsys\mmio_sys_vanilla.sv:]
WARNING: [filemgmt 56-199] Attempt to get parsing info during refresh. "On-the-fly" syntax checking information may be incorrect. [C:\Users\ian_nolan1\Box\SoC\Lab3\VivadoFiles\Lab3_Nolan\Lab3_Nolan.srcs\sources_1\imports\code_listing_sv\fpga_mcs_sv_src\hdl\sys\subsys\mmio_sys_vanilla.sv:]
WARNING: [filemgmt 56-199] Attempt to get parsing info during refresh. "On-the-fly" syntax checking information may be incorrect. [C:\Users\ian_nolan1\Box\SoC\Lab3\VivadoFiles\createdSources\nolan_led_lab3.sv:]
WARNING: [filemgmt 56-199] Attempt to get parsing info during refresh. "On-the-fly" syntax checking information may be incorrect. [C:\Users\ian_nolan1\Box\SoC\Lab3\VivadoFiles\Lab3_Nolan\Lab3_Nolan.srcs\sources_1\imports\code_listing_sv\fpga_mcs_sv_src\hdl\sys\bridge\chu_io_map.svh:]
WARNING: [filemgmt 56-199] Attempt to get parsing info during refresh. "On-the-fly" syntax checking information may be incorrect. [C:\Users\ian_nolan1\Box\SoC\Lab3\VivadoFiles\Lab3_Nolan\Lab3_Nolan.srcs\sources_1\imports\code_listing_sv\fpga_mcs_sv_src\hdl\sys\top\mcs_top_vanilla.sv:]
WARNING: [filemgmt 56-199] Attempt to get parsing info during refresh. "On-the-fly" syntax checking information may be incorrect. [C:\Users\ian_nolan1\Box\SoC\Lab3\VivadoFiles\Lab3_Nolan\Lab3_Nolan.srcs\sources_1\imports\code_listing_sv\fpga_mcs_sv_src\hdl\sys\subsys\mmio_sys_vanilla.sv:]
WARNING: [filemgmt 56-199] Attempt to get parsing info during refresh. "On-the-fly" syntax checking information may be incorrect. [C:\Users\ian_nolan1\Box\SoC\Lab3\VivadoFiles\Lab3_Nolan\Lab3_Nolan.srcs\sources_1\imports\code_listing_sv\fpga_mcs_sv_src\hdl\mmio\mmio_basic\chu_gpo.sv:]
WARNING: [filemgmt 56-199] Attempt to get parsing info during refresh. "On-the-fly" syntax checking information may be incorrect. [C:\Users\ian_nolan1\Box\SoC\Lab3\VivadoFiles\Lab3_Nolan\Lab3_Nolan.srcs\sources_1\imports\code_listing_sv\fpga_mcs_sv_src\hdl\mmio\mmio_basic\chu_gpo.sv:]
WARNING: [filemgmt 56-199] Attempt to get parsing info during refresh. "On-the-fly" syntax checking information may be incorrect. [C:\Users\ian_nolan1\Box\SoC\Lab3\VivadoFiles\Lab3_Nolan\Lab3_Nolan.srcs\sources_1\imports\code_listing_sv\fpga_mcs_sv_src\hdl\mmio\mmio_basic\chu_gpo.sv:]
reset_run synth_1
INFO: [Project 1-1160] Copying file C:/Users/ian_nolan1/Box/SoC/Lab3/VivadoFiles/Lab3_Nolan/BitsreamPath/synth_1/mcs_top_lab3.dcp to C:/Users/ian_nolan1/Box/SoC/Lab3/VivadoFiles/Lab3_Nolan/Lab3_Nolan.srcs/utils_1/imports/synth_1 and adding it to utils fileset
WARNING: [filemgmt 56-199] Attempt to get parsing info during refresh. "On-the-fly" syntax checking information may be incorrect. [C:\Users\ian_nolan1\Box\SoC\Lab3\VivadoFiles\createdSources\nolan_led_lab3.sv:]
WARNING: [filemgmt 56-199] Attempt to get parsing info during refresh. "On-the-fly" syntax checking information may be incorrect. [C:\Users\ian_nolan1\Box\SoC\Lab3\VivadoFiles\Lab3_Nolan\Lab3_Nolan.srcs\sources_1\imports\code_listing_sv\fpga_mcs_sv_src\hdl\sys\bridge\chu_io_map.svh:]
WARNING: [filemgmt 56-199] Attempt to get parsing info during refresh. "On-the-fly" syntax checking information may be incorrect. [C:\Users\ian_nolan1\Box\SoC\Lab3\VivadoFiles\Lab3_Nolan\Lab3_Nolan.srcs\sources_1\imports\code_listing_sv\fpga_mcs_sv_src\hdl\sys\top\mcs_top_vanilla.sv:]
WARNING: [filemgmt 56-199] Attempt to get parsing info during refresh. "On-the-fly" syntax checking information may be incorrect. [C:\Users\ian_nolan1\Box\SoC\Lab3\VivadoFiles\Lab3_Nolan\Lab3_Nolan.srcs\sources_1\imports\code_listing_sv\fpga_mcs_sv_src\hdl\sys\subsys\mmio_sys_vanilla.sv:]
WARNING: [filemgmt 56-199] Attempt to get parsing info during refresh. "On-the-fly" syntax checking information may be incorrect. [C:\Users\ian_nolan1\Box\SoC\Lab3\VivadoFiles\Lab3_Nolan\Lab3_Nolan.srcs\sources_1\imports\code_listing_sv\fpga_mcs_sv_src\hdl\mmio\mmio_basic\chu_gpo.sv:]
WARNING: [filemgmt 56-199] Attempt to get parsing info during refresh. "On-the-fly" syntax checking information may be incorrect. [C:\Users\ian_nolan1\Box\SoC\Lab3\VivadoFiles\createdSources\nolan_led_lab3.sv:]
WARNING: [filemgmt 56-199] Attempt to get parsing info during refresh. "On-the-fly" syntax checking information may be incorrect. [C:\Users\ian_nolan1\Box\SoC\Lab3\VivadoFiles\createdSources\nolan_led_lab3.sv:]
WARNING: [filemgmt 56-199] Attempt to get parsing info during refresh. "On-the-fly" syntax checking information may be incorrect. [C:\Users\ian_nolan1\Box\SoC\Lab3\VivadoFiles\createdSources\nolan_led_lab3.sv:]
WARNING: [filemgmt 56-199] Attempt to get parsing info during refresh. "On-the-fly" syntax checking information may be incorrect. [C:\Users\ian_nolan1\Box\SoC\Lab3\VivadoFiles\Lab3_Nolan\Lab3_Nolan.srcs\sources_1\imports\code_listing_sv\fpga_mcs_sv_src\hdl\sys\bridge\chu_io_map.svh:]
WARNING: [filemgmt 56-199] Attempt to get parsing info during refresh. "On-the-fly" syntax checking information may be incorrect. [C:\Users\ian_nolan1\Box\SoC\Lab3\VivadoFiles\Lab3_Nolan\Lab3_Nolan.srcs\sources_1\imports\code_listing_sv\fpga_mcs_sv_src\hdl\sys\top\mcs_top_vanilla.sv:]
WARNING: [filemgmt 56-199] Attempt to get parsing info during refresh. "On-the-fly" syntax checking information may be incorrect. [C:\Users\ian_nolan1\Box\SoC\Lab3\VivadoFiles\Lab3_Nolan\Lab3_Nolan.srcs\sources_1\imports\code_listing_sv\fpga_mcs_sv_src\hdl\sys\subsys\mmio_sys_vanilla.sv:]
WARNING: [filemgmt 56-199] Attempt to get parsing info during refresh. "On-the-fly" syntax checking information may be incorrect. [C:\Users\ian_nolan1\Box\SoC\Lab3\VivadoFiles\Lab3_Nolan\Lab3_Nolan.srcs\sources_1\imports\code_listing_sv\fpga_mcs_sv_src\hdl\mmio\mmio_basic\chu_gpo.sv:]
WARNING: [filemgmt 56-199] Attempt to get parsing info during refresh. "On-the-fly" syntax checking information may be incorrect. [C:\Users\ian_nolan1\Box\SoC\Lab3\VivadoFiles\Lab3_Nolan\Lab3_Nolan.srcs\sources_1\imports\code_listing_sv\fpga_mcs_sv_src\hdl\sys\subsys\mmio_sys_vanilla.sv:]
WARNING: [filemgmt 56-199] Attempt to get parsing info during refresh. "On-the-fly" syntax checking information may be incorrect. [C:\Users\ian_nolan1\Box\SoC\Lab3\VivadoFiles\Lab3_Nolan\Lab3_Nolan.srcs\sources_1\imports\code_listing_sv\fpga_mcs_sv_src\hdl\sys\subsys\mmio_sys_vanilla.sv:]
WARNING: [filemgmt 56-199] Attempt to get parsing info during refresh. "On-the-fly" syntax checking information may be incorrect. [C:\Users\ian_nolan1\Box\SoC\Lab3\VivadoFiles\createdSources\nolan_led_lab3.sv:]
WARNING: [filemgmt 56-199] Attempt to get parsing info during refresh. "On-the-fly" syntax checking information may be incorrect. [C:\Users\ian_nolan1\Box\SoC\Lab3\VivadoFiles\Lab3_Nolan\Lab3_Nolan.srcs\sources_1\imports\code_listing_sv\fpga_mcs_sv_src\hdl\sys\bridge\chu_io_map.svh:]
WARNING: [filemgmt 56-199] Attempt to get parsing info during refresh. "On-the-fly" syntax checking information may be incorrect. [C:\Users\ian_nolan1\Box\SoC\Lab3\VivadoFiles\Lab3_Nolan\Lab3_Nolan.srcs\sources_1\imports\code_listing_sv\fpga_mcs_sv_src\hdl\sys\top\mcs_top_vanilla.sv:]
WARNING: [filemgmt 56-199] Attempt to get parsing info during refresh. "On-the-fly" syntax checking information may be incorrect. [C:\Users\ian_nolan1\Box\SoC\Lab3\VivadoFiles\Lab3_Nolan\Lab3_Nolan.srcs\sources_1\imports\code_listing_sv\fpga_mcs_sv_src\hdl\sys\subsys\mmio_sys_vanilla.sv:]
WARNING: [filemgmt 56-199] Attempt to get parsing info during refresh. "On-the-fly" syntax checking information may be incorrect. [C:\Users\ian_nolan1\Box\SoC\Lab3\VivadoFiles\Lab3_Nolan\Lab3_Nolan.srcs\sources_1\imports\code_listing_sv\fpga_mcs_sv_src\hdl\mmio\mmio_basic\chu_gpo.sv:]
WARNING: [filemgmt 56-199] Attempt to get parsing info during refresh. "On-the-fly" syntax checking information may be incorrect. [C:\Users\ian_nolan1\Box\SoC\Lab3\VivadoFiles\Lab3_Nolan\Lab3_Nolan.srcs\sources_1\imports\code_listing_sv\fpga_mcs_sv_src\hdl\sys\top\mcs_top_vanilla.sv:]
WARNING: [filemgmt 56-199] Attempt to get parsing info during refresh. "On-the-fly" syntax checking information may be incorrect. [C:\Users\ian_nolan1\Box\SoC\Lab3\VivadoFiles\Lab3_Nolan\Lab3_Nolan.srcs\sources_1\imports\code_listing_sv\fpga_mcs_sv_src\hdl\sys\top\mcs_top_vanilla.sv:]
WARNING: [filemgmt 56-199] Attempt to get parsing info during refresh. "On-the-fly" syntax checking information may be incorrect. [C:\Users\ian_nolan1\Box\SoC\Lab3\VivadoFiles\createdSources\nolan_led_lab3.sv:]
WARNING: [filemgmt 56-199] Attempt to get parsing info during refresh. "On-the-fly" syntax checking information may be incorrect. [C:\Users\ian_nolan1\Box\SoC\Lab3\VivadoFiles\Lab3_Nolan\Lab3_Nolan.srcs\sources_1\imports\code_listing_sv\fpga_mcs_sv_src\hdl\sys\bridge\chu_io_map.svh:]
WARNING: [filemgmt 56-199] Attempt to get parsing info during refresh. "On-the-fly" syntax checking information may be incorrect. [C:\Users\ian_nolan1\Box\SoC\Lab3\VivadoFiles\Lab3_Nolan\Lab3_Nolan.srcs\sources_1\imports\code_listing_sv\fpga_mcs_sv_src\hdl\sys\top\mcs_top_vanilla.sv:]
WARNING: [filemgmt 56-199] Attempt to get parsing info during refresh. "On-the-fly" syntax checking information may be incorrect. [C:\Users\ian_nolan1\Box\SoC\Lab3\VivadoFiles\Lab3_Nolan\Lab3_Nolan.srcs\sources_1\imports\code_listing_sv\fpga_mcs_sv_src\hdl\sys\subsys\mmio_sys_vanilla.sv:]
WARNING: [filemgmt 56-199] Attempt to get parsing info during refresh. "On-the-fly" syntax checking information may be incorrect. [C:\Users\ian_nolan1\Box\SoC\Lab3\VivadoFiles\Lab3_Nolan\Lab3_Nolan.srcs\sources_1\imports\code_listing_sv\fpga_mcs_sv_src\hdl\mmio\mmio_basic\chu_gpo.sv:]
WARNING: [filemgmt 56-199] Attempt to get parsing info during refresh. "On-the-fly" syntax checking information may be incorrect. [C:\Users\ian_nolan1\Box\SoC\Lab3\VivadoFiles\Lab3_Nolan\Lab3_Nolan.srcs\sources_1\imports\code_listing_sv\fpga_mcs_sv_src\hdl\mmio\mmio_basic\chu_gpo.sv:]
WARNING: [filemgmt 56-199] Attempt to get parsing info during refresh. "On-the-fly" syntax checking information may be incorrect. [C:\Users\ian_nolan1\Box\SoC\Lab3\VivadoFiles\Lab3_Nolan\Lab3_Nolan.srcs\sources_1\imports\code_listing_sv\fpga_mcs_sv_src\hdl\mmio\mmio_basic\chu_gpo.sv:]
ERROR: [Common 17-180] Spawn failed: No error
launch_runs impl_1 -to_step write_bitstream -jobs 14
INFO: [IP_Flow 19-6924] IPCACHE: Running cache check for IP inst: cpu
WARNING: [Vivado 12-4801] The synthesis checkpoint for IP 'C:/Users/ian_nolan1/Box/SoC/Lab3/VivadoFiles/Lab3_Nolan/Lab3_Nolan.srcs/sources_1/ip/cpu/cpu.xci' is available but stale and the IP is locked. An out-of-context (OOC) run will be created and/or launched, but synthesis may not be able to complete or could result in incorrect behavior.
Please select 'Report IP Status' from the 'Tools/Report' menu or run Tcl command 'report_ip_status' for more information.
WARNING: [Runs 36-337] The following IPs are either missing output products or output products are not up-to-date for Synthesis target. Since these IPs are locked, no update to the output products can be done. 
Please select 'Report IP Status' from the 'Tools/Report' menu or run Tcl command 'report_ip_status' for more information.
C:/Users/ian_nolan1/Box/SoC/Lab3/VivadoFiles/Lab3_Nolan/Lab3_Nolan.srcs/sources_1/ip/cpu/cpu.xci

WARNING: [Runs 36-337] The following IPs are either missing output products or output products are not up-to-date for Implementation target. Since these IPs are locked, no update to the output products can be done. 
Please select 'Report IP Status' from the 'Tools/Report' menu or run Tcl command 'report_ip_status' for more information.
C:/Users/ian_nolan1/Box/SoC/Lab3/VivadoFiles/Lab3_Nolan/Lab3_Nolan.srcs/sources_1/ip/cpu/cpu.xci

[Thu Oct 16 13:45:29 2025] Launched synth_1...
Run output will be captured here: C:/Users/ian_nolan1/Box/SoC/Lab3/VivadoFiles/Lab3_Nolan/BitsreamPath/synth_1/runme.log
[Thu Oct 16 13:45:29 2025] Launched impl_1...
Run output will be captured here: C:/Users/ian_nolan1/Box/SoC/Lab3/VivadoFiles/Lab3_Nolan/BitsreamPath/impl_1/runme.log
WARNING: [filemgmt 56-199] Attempt to get parsing info during refresh. "On-the-fly" syntax checking information may be incorrect. [C:\Users\ian_nolan1\Box\SoC\Lab3\VivadoFiles\createdSources\nolan_led_lab3.sv:]
WARNING: [filemgmt 56-199] Attempt to get parsing info during refresh. "On-the-fly" syntax checking information may be incorrect. [C:\Users\ian_nolan1\Box\SoC\Lab3\VivadoFiles\Lab3_Nolan\Lab3_Nolan.srcs\sources_1\imports\code_listing_sv\fpga_mcs_sv_src\hdl\sys\bridge\chu_io_map.svh:]
WARNING: [filemgmt 56-199] Attempt to get parsing info during refresh. "On-the-fly" syntax checking information may be incorrect. [C:\Users\ian_nolan1\Box\SoC\Lab3\VivadoFiles\Lab3_Nolan\Lab3_Nolan.srcs\sources_1\imports\code_listing_sv\fpga_mcs_sv_src\hdl\sys\top\mcs_top_vanilla.sv:]
WARNING: [filemgmt 56-199] Attempt to get parsing info during refresh. "On-the-fly" syntax checking information may be incorrect. [C:\Users\ian_nolan1\Box\SoC\Lab3\VivadoFiles\Lab3_Nolan\Lab3_Nolan.srcs\sources_1\imports\code_listing_sv\fpga_mcs_sv_src\hdl\sys\subsys\mmio_sys_vanilla.sv:]
WARNING: [filemgmt 56-199] Attempt to get parsing info during refresh. "On-the-fly" syntax checking information may be incorrect. [C:\Users\ian_nolan1\Box\SoC\Lab3\VivadoFiles\Lab3_Nolan\Lab3_Nolan.srcs\sources_1\imports\code_listing_sv\fpga_mcs_sv_src\hdl\mmio\mmio_basic\chu_gpo.sv:]
WARNING: [filemgmt 56-199] Attempt to get parsing info during refresh. "On-the-fly" syntax checking information may be incorrect. [C:\Users\ian_nolan1\Box\SoC\Lab3\VivadoFiles\createdSources\nolan_led_lab3.sv:]
WARNING: [filemgmt 56-199] Attempt to get parsing info during refresh. "On-the-fly" syntax checking information may be incorrect. [C:\Users\ian_nolan1\Box\SoC\Lab3\VivadoFiles\createdSources\nolan_led_lab3.sv:]
WARNING: [filemgmt 56-199] Attempt to get parsing info during refresh. "On-the-fly" syntax checking information may be incorrect. [C:\Users\ian_nolan1\Box\SoC\Lab3\VivadoFiles\createdSources\nolan_led_lab3.sv:]
WARNING: [filemgmt 56-199] Attempt to get parsing info during refresh. "On-the-fly" syntax checking information may be incorrect. [C:\Users\ian_nolan1\Box\SoC\Lab3\VivadoFiles\Lab3_Nolan\Lab3_Nolan.srcs\sources_1\imports\code_listing_sv\fpga_mcs_sv_src\hdl\sys\bridge\chu_io_map.svh:]
WARNING: [filemgmt 56-199] Attempt to get parsing info during refresh. "On-the-fly" syntax checking information may be incorrect. [C:\Users\ian_nolan1\Box\SoC\Lab3\VivadoFiles\Lab3_Nolan\Lab3_Nolan.srcs\sources_1\imports\code_listing_sv\fpga_mcs_sv_src\hdl\sys\top\mcs_top_vanilla.sv:]
WARNING: [filemgmt 56-199] Attempt to get parsing info during refresh. "On-the-fly" syntax checking information may be incorrect. [C:\Users\ian_nolan1\Box\SoC\Lab3\VivadoFiles\Lab3_Nolan\Lab3_Nolan.srcs\sources_1\imports\code_listing_sv\fpga_mcs_sv_src\hdl\sys\subsys\mmio_sys_vanilla.sv:]
WARNING: [filemgmt 56-199] Attempt to get parsing info during refresh. "On-the-fly" syntax checking information may be incorrect. [C:\Users\ian_nolan1\Box\SoC\Lab3\VivadoFiles\Lab3_Nolan\Lab3_Nolan.srcs\sources_1\imports\code_listing_sv\fpga_mcs_sv_src\hdl\mmio\mmio_basic\chu_gpo.sv:]
WARNING: [filemgmt 56-199] Attempt to get parsing info during refresh. "On-the-fly" syntax checking information may be incorrect. [C:\Users\ian_nolan1\Box\SoC\Lab3\VivadoFiles\Lab3_Nolan\Lab3_Nolan.srcs\sources_1\imports\code_listing_sv\fpga_mcs_sv_src\hdl\sys\subsys\mmio_sys_vanilla.sv:]
WARNING: [filemgmt 56-199] Attempt to get parsing info during refresh. "On-the-fly" syntax checking information may be incorrect. [C:\Users\ian_nolan1\Box\SoC\Lab3\VivadoFiles\Lab3_Nolan\Lab3_Nolan.srcs\sources_1\imports\code_listing_sv\fpga_mcs_sv_src\hdl\sys\subsys\mmio_sys_vanilla.sv:]
WARNING: [filemgmt 56-199] Attempt to get parsing info during refresh. "On-the-fly" syntax checking information may be incorrect. [C:\Users\ian_nolan1\Box\SoC\Lab3\VivadoFiles\createdSources\nolan_led_lab3.sv:]
WARNING: [filemgmt 56-199] Attempt to get parsing info during refresh. "On-the-fly" syntax checking information may be incorrect. [C:\Users\ian_nolan1\Box\SoC\Lab3\VivadoFiles\Lab3_Nolan\Lab3_Nolan.srcs\sources_1\imports\code_listing_sv\fpga_mcs_sv_src\hdl\sys\bridge\chu_io_map.svh:]
WARNING: [filemgmt 56-199] Attempt to get parsing info during refresh. "On-the-fly" syntax checking information may be incorrect. [C:\Users\ian_nolan1\Box\SoC\Lab3\VivadoFiles\Lab3_Nolan\Lab3_Nolan.srcs\sources_1\imports\code_listing_sv\fpga_mcs_sv_src\hdl\sys\top\mcs_top_vanilla.sv:]
WARNING: [filemgmt 56-199] Attempt to get parsing info during refresh. "On-the-fly" syntax checking information may be incorrect. [C:\Users\ian_nolan1\Box\SoC\Lab3\VivadoFiles\Lab3_Nolan\Lab3_Nolan.srcs\sources_1\imports\code_listing_sv\fpga_mcs_sv_src\hdl\sys\subsys\mmio_sys_vanilla.sv:]
WARNING: [filemgmt 56-199] Attempt to get parsing info during refresh. "On-the-fly" syntax checking information may be incorrect. [C:\Users\ian_nolan1\Box\SoC\Lab3\VivadoFiles\Lab3_Nolan\Lab3_Nolan.srcs\sources_1\imports\code_listing_sv\fpga_mcs_sv_src\hdl\mmio\mmio_basic\chu_gpo.sv:]
WARNING: [filemgmt 56-199] Attempt to get parsing info during refresh. "On-the-fly" syntax checking information may be incorrect. [C:\Users\ian_nolan1\Box\SoC\Lab3\VivadoFiles\Lab3_Nolan\Lab3_Nolan.srcs\sources_1\imports\code_listing_sv\fpga_mcs_sv_src\hdl\sys\bridge\chu_io_map.svh:]
WARNING: [filemgmt 56-199] Attempt to get parsing info during refresh. "On-the-fly" syntax checking information may be incorrect. [C:\Users\ian_nolan1\Box\SoC\Lab3\VivadoFiles\Lab3_Nolan\Lab3_Nolan.srcs\sources_1\imports\code_listing_sv\fpga_mcs_sv_src\hdl\sys\bridge\chu_io_map.svh:]
WARNING: [filemgmt 56-199] Attempt to get parsing info during refresh. "On-the-fly" syntax checking information may be incorrect. [C:\Users\ian_nolan1\Box\SoC\Lab3\VivadoFiles\createdSources\nolan_led_lab3.sv:]
WARNING: [filemgmt 56-199] Attempt to get parsing info during refresh. "On-the-fly" syntax checking information may be incorrect. [C:\Users\ian_nolan1\Box\SoC\Lab3\VivadoFiles\Lab3_Nolan\Lab3_Nolan.srcs\sources_1\imports\code_listing_sv\fpga_mcs_sv_src\hdl\sys\bridge\chu_io_map.svh:]
WARNING: [filemgmt 56-199] Attempt to get parsing info during refresh. "On-the-fly" syntax checking information may be incorrect. [C:\Users\ian_nolan1\Box\SoC\Lab3\VivadoFiles\Lab3_Nolan\Lab3_Nolan.srcs\sources_1\imports\code_listing_sv\fpga_mcs_sv_src\hdl\sys\top\mcs_top_vanilla.sv:]
WARNING: [filemgmt 56-199] Attempt to get parsing info during refresh. "On-the-fly" syntax checking information may be incorrect. [C:\Users\ian_nolan1\Box\SoC\Lab3\VivadoFiles\Lab3_Nolan\Lab3_Nolan.srcs\sources_1\imports\code_listing_sv\fpga_mcs_sv_src\hdl\sys\subsys\mmio_sys_vanilla.sv:]
WARNING: [filemgmt 56-199] Attempt to get parsing info during refresh. "On-the-fly" syntax checking information may be incorrect. [C:\Users\ian_nolan1\Box\SoC\Lab3\VivadoFiles\Lab3_Nolan\Lab3_Nolan.srcs\sources_1\imports\code_listing_sv\fpga_mcs_sv_src\hdl\mmio\mmio_basic\chu_gpo.sv:]
WARNING: [filemgmt 56-199] Attempt to get parsing info during refresh. "On-the-fly" syntax checking information may be incorrect. [C:\Users\ian_nolan1\Box\SoC\Lab3\VivadoFiles\Lab3_Nolan\Lab3_Nolan.srcs\sources_1\imports\code_listing_sv\fpga_mcs_sv_src\hdl\mmio\mmio_basic\chu_gpo.sv:]
WARNING: [filemgmt 56-199] Attempt to get parsing info during refresh. "On-the-fly" syntax checking information may be incorrect. [C:\Users\ian_nolan1\Box\SoC\Lab3\VivadoFiles\Lab3_Nolan\Lab3_Nolan.srcs\sources_1\imports\code_listing_sv\fpga_mcs_sv_src\hdl\mmio\mmio_basic\chu_gpo.sv:]
ERROR: [Common 17-180] Spawn failed: No error
reset_run synth_1
launch_runs impl_1 -to_step write_bitstream -jobs 14
INFO: [IP_Flow 19-6924] IPCACHE: Running cache check for IP inst: cpu
WARNING: [Vivado 12-4801] The synthesis checkpoint for IP 'C:/Users/ian_nolan1/Box/SoC/Lab3/VivadoFiles/Lab3_Nolan/Lab3_Nolan.srcs/sources_1/ip/cpu/cpu.xci' is available but stale and the IP is locked. An out-of-context (OOC) run will be created and/or launched, but synthesis may not be able to complete or could result in incorrect behavior.
Please select 'Report IP Status' from the 'Tools/Report' menu or run Tcl command 'report_ip_status' for more information.
WARNING: [Runs 36-337] The following IPs are either missing output products or output products are not up-to-date for Synthesis target. Since these IPs are locked, no update to the output products can be done. 
Please select 'Report IP Status' from the 'Tools/Report' menu or run Tcl command 'report_ip_status' for more information.
C:/Users/ian_nolan1/Box/SoC/Lab3/VivadoFiles/Lab3_Nolan/Lab3_Nolan.srcs/sources_1/ip/cpu/cpu.xci

WARNING: [Runs 36-337] The following IPs are either missing output products or output products are not up-to-date for Implementation target. Since these IPs are locked, no update to the output products can be done. 
Please select 'Report IP Status' from the 'Tools/Report' menu or run Tcl command 'report_ip_status' for more information.
C:/Users/ian_nolan1/Box/SoC/Lab3/VivadoFiles/Lab3_Nolan/Lab3_Nolan.srcs/sources_1/ip/cpu/cpu.xci

[Thu Oct 16 13:47:12 2025] Launched synth_1...
Run output will be captured here: C:/Users/ian_nolan1/Box/SoC/Lab3/VivadoFiles/Lab3_Nolan/BitsreamPath/synth_1/runme.log
[Thu Oct 16 13:47:12 2025] Launched impl_1...
Run output will be captured here: C:/Users/ian_nolan1/Box/SoC/Lab3/VivadoFiles/Lab3_Nolan/BitsreamPath/impl_1/runme.log
open_run impl_1
INFO: [Device 21-403] Loading part xc7a100tcsg324-1
INFO: [Device 21-9227] Part: xc7a100tcsg324-1 does not have CEAM library.
Netlist sorting complete. Time (s): cpu = 00:00:00 ; elapsed = 00:00:00.093 . Memory (MB): peak = 2207.367 ; gain = 0.000
INFO: [Netlist 29-17] Analyzing 263 Unisim elements for replacement
INFO: [Netlist 29-28] Unisim Transformation completed in 0 CPU seconds
INFO: [Project 1-479] Netlist was created with Vivado 2024.1
INFO: [Project 1-570] Preparing netlist for logic optimization
Read ShapeDB Complete: Time (s): cpu = 00:00:00 ; elapsed = 00:00:00.019 . Memory (MB): peak = 2311.926 ; gain = 0.293
INFO: [Timing 38-478] Restoring timing data from binary archive.
INFO: [Timing 38-479] Binary timing data restore complete.
INFO: [Project 1-856] Restoring constraints from binary archive.
INFO: [Project 1-853] Binary constraint restore complete.
INFO: [Designutils 20-5722] Start Reading Physical Databases.
Reading placement.
Read Netlist Cache: Time (s): cpu = 00:00:00 ; elapsed = 00:00:00.001 . Memory (MB): peak = 2918.672 ; gain = 0.000
Reading placer database...
Read Device Cache: Time (s): cpu = 00:00:00 ; elapsed = 00:00:00.006 . Memory (MB): peak = 2918.672 ; gain = 0.000
Read PlaceDB: Time (s): cpu = 00:00:00 ; elapsed = 00:00:00.049 . Memory (MB): peak = 2918.672 ; gain = 0.000
Read PulsedLatchDB: Time (s): cpu = 00:00:00 ; elapsed = 00:00:00 . Memory (MB): peak = 2918.672 ; gain = 0.000
Reading routing.
Read RouteStorage: Time (s): cpu = 00:00:00 ; elapsed = 00:00:00.030 . Memory (MB): peak = 2918.672 ; gain = 0.000
Read Physdb Files: Time (s): cpu = 00:00:00 ; elapsed = 00:00:00.101 . Memory (MB): peak = 2918.672 ; gain = 0.000
Restored from archive | CPU: 0.000000 secs | Memory: 0.000000 MB |
Finished XDEF File Restore: Time (s): cpu = 00:00:00 ; elapsed = 00:00:00.102 . Memory (MB): peak = 2918.672 ; gain = 0.000
Generating merged BMM file for the design top 'mcs_top_lab3'...
INFO: [Memdata 28-144] Successfully populated the BRAM INIT strings from the following elf files: C:/Users/ian_nolan1/Box/SoC/Lab3/VivadoFiles/Lab3_Nolan/Lab3_Nolan.srcs/sources_1/imports/code_listing_sv/build/elf/vanilla_test.elf 
Netlist sorting complete. Time (s): cpu = 00:00:00 ; elapsed = 00:00:00.002 . Memory (MB): peak = 2918.672 ; gain = 0.000
INFO: [Project 1-111] Unisim Transformation Summary:
  A total of 167 instances were transformed.
  LUT6_2 => LUT6_2 (LUT5, LUT6): 79 instances
  RAM32X1D => RAM32X1D (RAMD32(x2)): 64 instances
  RAM64M => RAM64M (RAMD64E(x4)): 24 instances

open_run: Time (s): cpu = 00:00:06 ; elapsed = 00:00:12 . Memory (MB): peak = 3061.664 ; gain = 1261.836
exit
INFO: [Common 17-206] Exiting Vivado at Thu Oct 16 13:49:51 2025...
